\BOOKMARK [1][-]{section.1}{\376\377\000I\000n\000t\000r\000o\000d\000u\000c\000t\000i\000o\000n}{}% 1
\BOOKMARK [1][-]{section.2}{\376\377\000B\000a\000c\000k\000g\000r\000o\000u\000n\000d}{}% 2
\BOOKMARK [1][-]{section.3}{\376\377\000F\000u\000l\000l\000\040\000P\000i\000p\000e\000l\000i\000n\000e}{}% 3
\BOOKMARK [1][-]{section.4}{\376\377\000T\000h\000e\000\040\0007\000-\000V\000e\000r\000b\000\040\000T\000a\000x\000o\000n\000o\000m\000y\000\040\000a\000n\000d\000\040\000t\000h\000e\000\040\000A\000c\000c\000e\000l\000e\000r\000a\000t\000i\000n\000g\000-\000M\000e\000c\000h\000a\000n\000i\000s\000m\000\040\000A\000x\000i\000s}{}% 4
\BOOKMARK [1][-]{section.5}{\376\377\000M\000e\000t\000h\000o\000d\000\040\040\024\000\040\000B\000e\000t\000h\000e\040\023\000B\000l\000o\000c\000h\000\040\000S\000t\000o\000p\000p\000i\000n\000g\000\040\000P\000o\000w\000e\000r\000\040\000\050\000v\000e\000r\000i\000f\000y\000\051}{}% 5
\BOOKMARK [1][-]{section.6}{\376\377\000M\000e\000t\000h\000o\000d\000\040\040\024\000\040\000P\000l\000a\000s\000m\000a\000-\000W\000a\000k\000e\000f\000i\000e\000l\000d\000\040\000A\000c\000c\000e\000l\000e\000r\000a\000t\000i\000o\000n\000\040\000\050\000t\000h\000e\000\040\000t\000a\000b\000l\000e\000t\000o\000p\000\040\000a\000x\000i\000s\000\051}{}% 6
\BOOKMARK [1][-]{section.7}{\376\377\000M\000e\000t\000h\000o\000d\000\040\040\024\000\040\000F\000O\000D\000O\000\040\000T\000w\000i\000s\000s\000\040\000a\000n\000d\000\040\000L\000H\000E\000\040\000A\000n\000a\000l\000y\000s\000i\000s\000\040\000\050\000s\000y\000n\000t\000h\000e\000s\000i\000z\000e\000\040\000/\000\040\000a\000n\000a\000l\000y\000z\000e\000\051}{}% 7
\BOOKMARK [1][-]{section.8}{\376\377\000W\000i\000d\000e\000r\000\040\000A\000r\000c\000h\000i\000t\000e\000c\000t\000u\000r\000a\000l\000\040\000C\000o\000n\000t\000e\000x\000t}{}% 8
\BOOKMARK [1][-]{section.9}{\376\377\000L\000i\000m\000i\000t\000a\000t\000i\000o\000n\000s\000\040\000a\000n\000d\000\040\000H\000o\000n\000e\000s\000t\000\040\000C\000a\000v\000e\000a\000t\000s}{}% 9
\BOOKMARK [1][-]{section.10}{\376\377\000R\000e\000p\000r\000o\000d\000u\000c\000i\000b\000i\000l\000i\000t\000y}{}% 10
\BOOKMARK [1][-]{section.11}{\376\377\000C\000o\000n\000c\000l\000u\000s\000i\000o\000n}{}% 11
\BOOKMARK [1][-]{appendix.A}{\376\377\000B\000e\000t\000h\000e\040\023\000B\000l\000o\000c\000h\000\040\000S\000t\000o\000p\000p\000i\000n\000g\000\040\000P\000o\000w\000e\000r\000\040\040\024\000\040\000F\000u\000l\000l\000\040\000D\000a\000t\000a\000\040\000R\000e\000c\000o\000r\000d}{}% 12
\BOOKMARK [2][-]{subsection.A.1}{\376\377\000T\000h\000e\000\040\000c\000l\000o\000s\000e\000d\000\040\000f\000o\000r\000m\000\040\000\050\000P\000D\000G\000\040\000e\000q\000.\000\040\0003\0004\000.\0005\000\051}{appendix.A}% 13
\BOOKMARK [2][-]{subsection.A.2}{\376\377\000M\000a\000t\000e\000r\000i\000a\000l\000\040\000s\000e\000t\000\040\000\050\000P\000D\000G\000\040\000T\000a\000b\000l\000e\000\040\0003\0004\000.\0001\000\051}{appendix.A}% 14
\BOOKMARK [2][-]{subsection.A.3}{\376\377\000T\000h\000e\000\040\000d\000E\000/\000d\000x\000\040\000s\000w\000e\000e\000p\000\040\000a\000n\000d\000\040\000t\000h\000e\000\040\000c\000u\000r\000v\000e}{appendix.A}% 15
\BOOKMARK [2][-]{subsection.A.4}{\376\377\000F\000o\000u\000r\000-\000p\000o\000i\000n\000t\000\040\000P\000D\000G\000\040\000p\000a\000r\000i\000t\000y\000\040\000\050\000[\0000\000.\0000\0005\000e\000x\000]\0001\000.\0000\000e\000x\0001\000.\0000\000e\000x\000\051}{appendix.A}% 16
\BOOKMARK [2][-]{subsection.A.5}{\376\377\000S\000t\000a\000g\000e\000-\0003\000\040\000G\000R\000E\000E\000N\000\040\000=\000\040\000a\000b\000s\000o\000r\000b\000e\000d\000\040\040\024\000\040\000t\000h\000e\000\040\000h\000o\000n\000e\000s\000t\000\040\000b\000o\000u\000n\000d\000a\000r\000y}{appendix.A}% 17
\BOOKMARK [1][-]{appendix.B}{\376\377\000P\000l\000a\000s\000m\000a\000-\000W\000a\000k\000e\000f\000i\000e\000l\000d\000\040\000C\000o\000l\000d\000-\000L\000i\000n\000e\000a\000r\000\040\000C\000l\000o\000s\000e\000d\000\040\000F\000o\000r\000m\000\040\040\024\000\040\000F\000u\000l\000l\000\040\000D\000a\000t\000a\000\040\000R\000e\000c\000o\000r\000d}{}% 18
\BOOKMARK [2][-]{subsection.B.1}{\376\377\000T\000h\000e\000\040\000t\000h\000r\000e\000e\000\040\000c\000o\000l\000d\000-\000l\000i\000n\000e\000a\000r\000\040\000r\000e\000l\000a\000t\000i\000o\000n\000s}{appendix.B}% 19
\BOOKMARK [2][-]{subsection.B.2}{\376\377\000D\000e\000n\000s\000i\000t\000y\000-\000t\000o\000-\000g\000r\000a\000d\000i\000e\000n\000t\000\040\000s\000c\000a\000l\000i\000n\000g}{appendix.B}% 20
\BOOKMARK [2][-]{subsection.B.3}{\376\377\000S\000e\000l\000f\000t\000e\000s\000t\000\040\000\050\0005\000/\0005\000\040\000G\000R\000E\000E\000N\000\051\000\040\000a\000n\000d\000\040\000t\000h\000e\000\040\000t\000w\000o\000\040\000a\000t\000o\000m\000s}{appendix.B}% 21
\BOOKMARK [2][-]{subsection.B.4}{\376\377\000H\000o\000n\000e\000s\000t\000\040\000s\000c\000o\000p\000e\000\040\040\024\000\040\000c\000o\000l\000d\000\040\000a\000n\000d\000\040\000l\000i\000n\000e\000a\000r}{appendix.B}% 22
\BOOKMARK [1][-]{appendix.C}{\376\377\0001\000-\000D\000\040\000L\000i\000n\000e\000a\000r\000\040\000P\000I\000C\000\040\000P\000a\000r\000i\000t\000y\000\040\000\050\000F\000B\000P\000I\000C\000\051\000\040\040\024\000\040\000F\000u\000l\000l\000\040\000D\000a\000t\000a\000\040\000R\000e\000c\000o\000r\000d}{}% 23
\BOOKMARK [2][-]{subsection.C.1}{\376\377\000F\000B\000P\000I\000C\000\040\000r\000u\000n\000\040\000c\000o\000n\000f\000i\000g\000u\000r\000a\000t\000i\000o\000n}{appendix.C}% 24
\BOOKMARK [2][-]{subsection.C.2}{\376\377\000T\000h\000e\000\040\000p\000a\000r\000i\000t\000y\000:\000\040\000=\000\040\0003\000.\0005\0006\000\045}{appendix.C}% 25
\BOOKMARK [2][-]{subsection.C.3}{\376\377\000L\000i\000n\000e\000a\000r\000-\000r\000e\000g\000i\000m\000e\000\040\000v\000a\000l\000i\000d\000i\000t\000y}{appendix.C}% 26
\BOOKMARK [1][-]{appendix.D}{\376\377\000X\000s\000u\000i\000t\000e\000\040\000F\000O\000D\000O\000\040\000T\000w\000i\000s\000s\000\040\040\024\000\040\000F\000u\000l\000l\000\040\000D\000a\000t\000a\000\040\000R\000e\000c\000o\000r\000d}{}% 27
\BOOKMARK [2][-]{subsection.D.1}{\376\377\000T\000h\000e\000\040\000t\000h\000i\000c\000k\000-\000q\000u\000a\000d\000r\000u\000p\000o\000l\000e\000\040\000t\000r\000a\000n\000s\000f\000e\000r\000\040\000m\000a\000t\000r\000i\000c\000e\000s}{appendix.D}% 28
\BOOKMARK [2][-]{subsection.D.2}{\376\377\000C\000e\000l\000l\000\040\000p\000a\000r\000a\000m\000e\000t\000e\000r\000s\000\040\000a\000n\000d\000\040\000t\000h\000e\000\040\000-\000p\000r\000o\000f\000i\000l\000e}{appendix.D}% 29
\BOOKMARK [2][-]{subsection.D.3}{\376\377\000X\000s\000u\000i\000t\000e\000\040\000\040\000c\000l\000o\000s\000e\000d\000-\000f\000o\000r\000m\000\040\000p\000a\000r\000i\000t\000y\000\040\000\050\000[\0000\000.\0000\0005\000e\000x\000]\0001\000.\0000\000e\000x\0001\000.\0000\000e\000x\000\051}{appendix.D}% 30
\BOOKMARK [2][-]{subsection.D.4}{\376\377\000a\000b\000s\000o\000r\000b\000e\000d\000=\000t\000r\000u\000e\000\040\000m\000e\000a\000n\000s\000\040\000A\000L\000G\000O\000R\000I\000T\000H\000M\000\040\000c\000l\000o\000s\000u\000r\000e\000\040\040\024\000\040\000t\000h\000e\000\040\000h\000o\000n\000e\000s\000t\000\040\000c\000a\000v\000e\000a\000t}{appendix.D}% 31
\BOOKMARK [1][-]{appendix.E}{\376\377\000p\000y\000l\000h\000e\000\040\000L\000H\000E\000\040\000E\000v\000e\000n\000t\000-\000S\000t\000a\000t\000s\000\040\040\024\000\040\000F\000u\000l\000l\000\040\000D\000a\000t\000a\000\040\000R\000e\000c\000o\000r\000d}{}% 32
\BOOKMARK [1][-]{appendix.F}{\376\377\0007\000-\000V\000e\000r\000b\000\040\000S\000t\000u\000b\000\040\000S\000t\000a\000t\000u\000s\000\040\040\024\000\040\000H\000o\000n\000e\000s\000t\000-\000S\000k\000i\000p\000\040\000R\000e\000c\000o\000r\000d}{}% 33
\BOOKMARK [1][-]{appendix.G}{\376\377\000D\000o\000w\000n\000s\000t\000r\000e\000a\000m\000\040\000/\000\040\000H\000o\000n\000e\000s\000t\000-\000S\000c\000o\000p\000e\000\040\000C\000a\000t\000a\000l\000o\000g}{}% 34
\BOOKMARK [1][-]{appendix.H}{\376\377\000V\000e\000r\000i\000f\000i\000c\000a\000t\000i\000o\000n\000\040\000L\000e\000d\000g\000e\000r}{}% 35
\BOOKMARK [1][-]{appendix.I}{\376\377\000P\000u\000l\000l\000-\000R\000e\000q\000u\000e\000s\000t\000\040\000R\000o\000l\000l}{}% 36
\BOOKMARK [1][-]{appendix.J}{\376\377\000R\000e\000p\000r\000o\000d\000u\000c\000i\000b\000i\000l\000i\000t\000y\000\040\000R\000u\000n\000b\000o\000o\000k}{}% 37
